<?xml version="1.0" encoding="UTF-8"?>
<!-- Generated by org.testng.reporters.JUnitXMLReporter -->
<testsuite ignored="0" hostname="DESKTOP-MQLPV38" failures="0" tests="3" name="Default test" time="5.078" errors="0" timestamp="2025-11-24T20:52:41 IST">
  <testcase classname="LinkedIn_Pratice.AlertHandlingTest" name="simpleAlertTest" time="0.078"/>
  <testcase classname="LinkedIn_Pratice.AlertHandlingTest" name="confirmAlertTest" time="0.083"/>
  <testcase classname="LinkedIn_Pratice.AlertHandlingTest" name="promptAlertTest" time="0.074"/>
</testsuite> <!-- Default test -->
