<?xml version="1.0" encoding="UTF-8"?>
<testng-results ignored="0" total="1" passed="1" failed="0" skipped="0">
  <reporter-output>
  </reporter-output>
  <suite started-at="2026-02-17T20:48:45 IST" name="Default suite" finished-at="2026-02-17T20:48:50 IST" duration-ms="5283">
    <groups>
    </groups>
    <test started-at="2026-02-17T20:48:45 IST" name="Default test" finished-at="2026-02-17T20:48:50 IST" duration-ms="5283">
      <class name="LinkedIn_Pratice.LoginTest">
        <test-method is-config="true" signature="setup()[pri:0, instance:LinkedIn_Pratice.LoginTest@52d645b1]" started-at="2026-02-17T20:48:45 IST" name="setup" finished-at="2026-02-17T20:48:49 IST" duration-ms="3732" status="PASS">
          <reporter-output>
          </reporter-output>
        </test-method> <!-- setup -->
        <test-method signature="testExecution()[pri:0, instance:LinkedIn_Pratice.LoginTest@52d645b1]" started-at="2026-02-17T20:48:49 IST" name="testExecution" finished-at="2026-02-17T20:48:50 IST" duration-ms="1455" status="PASS">
          <reporter-output>
          </reporter-output>
        </test-method> <!-- testExecution -->
      </class> <!-- LinkedIn_Pratice.LoginTest -->
    </test> <!-- Default test -->
  </suite> <!-- Default suite -->
</testng-results>
