<?xml version="1.0" encoding="UTF-8"?>
<testng-results ignored="0" total="3" passed="3" failed="0" skipped="0">
  <reporter-output>
  </reporter-output>
  <suite started-at="2025-11-24T20:57:46 IST" name="Parameter Suite" finished-at="2025-11-24T20:57:51 IST" duration-ms="4675">
    <groups>
    </groups>
    <test started-at="2025-11-24T20:57:46 IST" name="LinkedIn" finished-at="2025-11-24T20:57:51 IST" duration-ms="4675">
      <class name="LinkedIn_Pratice.AlertHandlingTest">
        <test-method is-config="true" signature="setup()[pri:0, instance:LinkedIn_Pratice.AlertHandlingTest@340da44c]" started-at="2025-11-24T20:57:46 IST" name="setup" finished-at="2025-11-24T20:57:50 IST" duration-ms="4408" status="PASS">
          <reporter-output>
          </reporter-output>
        </test-method> <!-- setup -->
        <test-method signature="simpleAlertTest()[pri:1, instance:LinkedIn_Pratice.AlertHandlingTest@340da44c]" started-at="2025-11-24T20:57:50 IST" name="simpleAlertTest" description="Handle Simple Alert" finished-at="2025-11-24T20:57:50 IST" duration-ms="78" status="PASS">
          <reporter-output>
          </reporter-output>
        </test-method> <!-- simpleAlertTest -->
        <test-method signature="confirmAlertTest()[pri:2, instance:LinkedIn_Pratice.AlertHandlingTest@340da44c]" started-at="2025-11-24T20:57:50 IST" name="confirmAlertTest" description="Handle Confirmation Alert" finished-at="2025-11-24T20:57:51 IST" duration-ms="83" status="PASS">
          <reporter-output>
          </reporter-output>
        </test-method> <!-- confirmAlertTest -->
        <test-method signature="promptAlertTest()[pri:3, instance:LinkedIn_Pratice.AlertHandlingTest@340da44c]" started-at="2025-11-24T20:57:51 IST" name="promptAlertTest" description="Handle Prompt Alert" finished-at="2025-11-24T20:57:51 IST" duration-ms="68" status="PASS">
          <reporter-output>
          </reporter-output>
        </test-method> <!-- promptAlertTest -->
      </class> <!-- LinkedIn_Pratice.AlertHandlingTest -->
    </test> <!-- LinkedIn -->
  </suite> <!-- Parameter Suite -->
</testng-results>
