<?xml version="1.0" encoding="UTF-8"?>
<testng-results ignored="0" total="1" passed="1" failed="0" skipped="0">
  <reporter-output>
  </reporter-output>
  <suite started-at="2025-10-27T20:41:54 IST" name="Default suite" finished-at="2025-10-27T20:41:58 IST" duration-ms="4017">
    <groups>
    </groups>
    <test started-at="2025-10-27T20:41:54 IST" name="Default test" finished-at="2025-10-27T20:41:58 IST" duration-ms="4017">
      <class name="LinkedIn_Pratice.HandleWebElements_Collection">
        <test-method is-config="true" signature="setup()[pri:0, instance:LinkedIn_Pratice.HandleWebElements_Collection@18c5069b]" started-at="2025-10-27T20:41:54 IST" name="setup" finished-at="2025-10-27T20:41:56 IST" duration-ms="1878" status="PASS">
          <reporter-output>
          </reporter-output>
        </test-method> <!-- setup -->
        <test-method signature="extractProductName()[pri:0, instance:LinkedIn_Pratice.HandleWebElements_Collection@18c5069b]" started-at="2025-10-27T20:41:56 IST" name="extractProductName" finished-at="2025-10-27T20:41:58 IST" duration-ms="2111" status="PASS">
          <reporter-output>
          </reporter-output>
        </test-method> <!-- extractProductName -->
      </class> <!-- LinkedIn_Pratice.HandleWebElements_Collection -->
    </test> <!-- Default test -->
  </suite> <!-- Default suite -->
</testng-results>
