<?xml version="1.0" encoding="UTF-8"?>
<testng-results ignored="0" total="2" passed="2" failed="0" skipped="0">
  <reporter-output>
  </reporter-output>
  <suite started-at="2025-10-28T21:17:11 IST" name="Default suite" finished-at="2025-10-28T21:17:15 IST" duration-ms="3362">
    <groups>
    </groups>
    <test started-at="2025-10-28T21:17:11 IST" name="Default test" finished-at="2025-10-28T21:17:15 IST" duration-ms="3362">
      <class name="LinkedIn_Pratice.PageFactoryLoginTest">
        <test-method is-config="true" signature="setup()[pri:0, instance:LinkedIn_Pratice.PageFactoryLoginTest@3a0d172f]" started-at="2025-10-28T21:17:12 IST" name="setup" finished-at="2025-10-28T21:17:14 IST" duration-ms="2218" status="PASS">
          <reporter-output>
          </reporter-output>
        </test-method> <!-- setup -->
        <test-method signature="loginTest()[pri:1, instance:LinkedIn_Pratice.PageFactoryLoginTest@3a0d172f]" started-at="2025-10-28T21:17:14 IST" name="loginTest" finished-at="2025-10-28T21:17:14 IST" duration-ms="397" status="PASS">
          <reporter-output>
          </reporter-output>
        </test-method> <!-- loginTest -->
        <test-method signature="validateMenuItems()[pri:2, instance:LinkedIn_Pratice.PageFactoryLoginTest@3a0d172f]" started-at="2025-10-28T21:17:14 IST" name="validateMenuItems" description="Validate menu items using Collections" finished-at="2025-10-28T21:17:15 IST" depends-on-methods="LinkedIn_Pratice.PageFactoryLoginTest.loginTest" duration-ms="693" status="PASS">
          <reporter-output>
          </reporter-output>
        </test-method> <!-- validateMenuItems -->
      </class> <!-- LinkedIn_Pratice.PageFactoryLoginTest -->
    </test> <!-- Default test -->
  </suite> <!-- Default suite -->
</testng-results>
