<?xml version="1.0" encoding="UTF-8"?>
<testng-results ignored="0" total="1" passed="1" failed="0" skipped="0">
  <reporter-output>
  </reporter-output>
  <suite started-at="2026-02-18T21:04:10 IST" name="Parameter Suite" finished-at="2026-02-18T21:04:13 IST" duration-ms="2449">
    <groups>
    </groups>
    <test started-at="2026-02-18T21:04:10 IST" name="LinkedIn" finished-at="2026-02-18T21:04:13 IST" duration-ms="2449">
      <class name="LinkedIn2.LoginTest">
        <test-method signature="executeTest()[pri:0, instance:LinkedIn2.LoginTest@70a36a66]" started-at="2026-02-18T21:04:10 IST" name="executeTest" finished-at="2026-02-18T21:04:13 IST" duration-ms="2384" status="PASS">
          <reporter-output>
          </reporter-output>
        </test-method> <!-- executeTest -->
      </class> <!-- LinkedIn2.LoginTest -->
    </test> <!-- LinkedIn -->
  </suite> <!-- Parameter Suite -->
</testng-results>
