<?xml version="1.0" encoding="UTF-8"?>
<testng-results ignored="0" total="2" passed="2" failed="0" skipped="0">
  <reporter-output>
  </reporter-output>
  <suite started-at="2025-12-09T20:50:28 IST" name="Parameter Suite" finished-at="2025-12-09T20:50:42 IST" duration-ms="13237">
    <groups>
    </groups>
    <test started-at="2025-12-09T20:50:28 IST" name="LinkedIn" finished-at="2025-12-09T20:50:42 IST" duration-ms="13237">
      <class name="LinkedIn_Pratice.BrokenLinkImageTest">
        <test-method is-config="true" signature="setup()[pri:0, instance:LinkedIn_Pratice.BrokenLinkImageTest@424ebba3]" started-at="2025-12-09T20:50:28 IST" name="setup" finished-at="2025-12-09T20:50:34 IST" duration-ms="5304" status="PASS">
          <reporter-output>
          </reporter-output>
        </test-method> <!-- setup -->
        <test-method signature="checkBrokenImages()[pri:1, instance:LinkedIn_Pratice.BrokenLinkImageTest@424ebba3]" started-at="2025-12-09T20:50:34 IST" name="checkBrokenImages" description="Validate broken images on page" finished-at="2025-12-09T20:50:37 IST" duration-ms="3280" status="PASS">
          <reporter-output>
          </reporter-output>
        </test-method> <!-- checkBrokenImages -->
        <test-method signature="checkBrokenLinks()[pri:2, instance:LinkedIn_Pratice.BrokenLinkImageTest@424ebba3]" started-at="2025-12-09T20:50:37 IST" name="checkBrokenLinks" description="Validate broken links on page" finished-at="2025-12-09T20:50:41 IST" duration-ms="4345" status="PASS">
          <reporter-output>
          </reporter-output>
        </test-method> <!-- checkBrokenLinks -->
        <test-method is-config="true" signature="tearDown()[pri:0, instance:LinkedIn_Pratice.BrokenLinkImageTest@424ebba3]" started-at="2025-12-09T20:50:41 IST" name="tearDown" finished-at="2025-12-09T20:50:42 IST" duration-ms="269" status="PASS">
          <reporter-output>
          </reporter-output>
        </test-method> <!-- tearDown -->
      </class> <!-- LinkedIn_Pratice.BrokenLinkImageTest -->
    </test> <!-- LinkedIn -->
  </suite> <!-- Parameter Suite -->
</testng-results>
