<?xml version="1.0" encoding="UTF-8"?>
<testng-results ignored="0" total="3" passed="3" failed="0" skipped="0">
  <reporter-output>
  </reporter-output>
  <suite started-at="2025-10-22T20:36:04 IST" name="Default suite" finished-at="2025-10-22T20:36:14 IST" duration-ms="9502">
    <groups>
    </groups>
    <test started-at="2025-10-22T20:36:04 IST" name="Default test" finished-at="2025-10-22T20:36:14 IST" duration-ms="9502">
      <class name="LinkedIn_Pratice.Dependency">
        <test-method is-config="true" signature="setup()[pri:0, instance:LinkedIn_Pratice.Dependency@4d5d943d]" started-at="2025-10-22T20:36:04 IST" name="setup" description="setup chrome browser and open OrangeHRM demo site" finished-at="2025-10-22T20:36:09 IST" duration-ms="4618" status="PASS">
          <reporter-output>
          </reporter-output>
        </test-method> <!-- setup -->
        <test-method signature="loginTest()[pri:1, instance:LinkedIn_Pratice.Dependency@4d5d943d]" started-at="2025-10-22T20:36:09 IST" name="loginTest" description="Login with valid credentails" finished-at="2025-10-22T20:36:12 IST" duration-ms="2892" status="PASS">
          <reporter-output>
          </reporter-output>
        </test-method> <!-- loginTest -->
        <test-method signature="dashboardTest()[pri:2, instance:LinkedIn_Pratice.Dependency@4d5d943d]" started-at="2025-10-22T20:36:12 IST" name="dashboardTest" description="Verify dashboard elements after login" finished-at="2025-10-22T20:36:12 IST" depends-on-methods="LinkedIn_Pratice.Dependency.loginTest" duration-ms="52" status="PASS">
          <reporter-output>
          </reporter-output>
        </test-method> <!-- dashboardTest -->
        <test-method signature="logout()[pri:3, instance:LinkedIn_Pratice.Dependency@4d5d943d]" started-at="2025-10-22T20:36:12 IST" name="logout" finished-at="2025-10-22T20:36:14 IST" depends-on-methods="LinkedIn_Pratice.Dependency.loginTest" duration-ms="1884" status="PASS">
          <reporter-output>
          </reporter-output>
        </test-method> <!-- logout -->
      </class> <!-- LinkedIn_Pratice.Dependency -->
    </test> <!-- Default test -->
  </suite> <!-- Default suite -->
</testng-results>
