<?xml version="1.0" encoding="UTF-8"?>
<testng-results ignored="0" total="2" passed="2" failed="0" skipped="0">
  <reporter-output>
  </reporter-output>
  <suite started-at="2025-10-20T00:10:36 IST" name="Default suite" finished-at="2025-10-20T00:10:49 IST" duration-ms="13097">
    <groups>
    </groups>
    <test started-at="2025-10-20T00:10:36 IST" name="Default test" finished-at="2025-10-20T00:10:49 IST" duration-ms="13097">
      <class name="LinkedIn_Pratice.FrameHandling">
        <test-method is-config="true" signature="setup()[pri:0, instance:LinkedIn_Pratice.FrameHandling@7cc0cdad]" started-at="2025-10-20T00:10:36 IST" name="setup" finished-at="2025-10-20T00:10:39 IST" duration-ms="2718" status="PASS">
          <reporter-output>
          </reporter-output>
        </test-method> <!-- setup -->
        <test-method signature="handleSingleFrame()[pri:1, instance:LinkedIn_Pratice.FrameHandling@7cc0cdad]" started-at="2025-10-20T00:10:39 IST" name="handleSingleFrame" finished-at="2025-10-20T00:10:49 IST" duration-ms="10144" status="PASS">
          <reporter-output>
          </reporter-output>
        </test-method> <!-- handleSingleFrame -->
        <test-method signature="handleNestedFrames()[pri:2, instance:LinkedIn_Pratice.FrameHandling@7cc0cdad]" started-at="2025-10-20T00:10:49 IST" name="handleNestedFrames" finished-at="2025-10-20T00:10:49 IST" duration-ms="192" status="PASS">
          <reporter-output>
          </reporter-output>
        </test-method> <!-- handleNestedFrames -->
      </class> <!-- LinkedIn_Pratice.FrameHandling -->
    </test> <!-- Default test -->
  </suite> <!-- Default suite -->
</testng-results>
