<?xml version="1.0" encoding="UTF-8"?>
<testng-results ignored="0" total="2" passed="2" failed="0" skipped="0">
  <reporter-output>
  </reporter-output>
  <suite started-at="2025-11-28T20:26:38 IST" name="Parameter Suite" finished-at="2025-11-28T20:26:55 IST" duration-ms="16168">
    <groups>
    </groups>
    <test started-at="2025-11-28T20:26:38 IST" name="LinkedIn" finished-at="2025-11-28T20:26:55 IST" duration-ms="16168">
      <class name="LinkedIn_Pratice.FrameHandlingTest">
        <test-method is-config="true" signature="setup()[pri:0, instance:LinkedIn_Pratice.FrameHandlingTest@a43ce46]" started-at="2025-11-28T20:26:38 IST" name="setup" finished-at="2025-11-28T20:26:40 IST" duration-ms="1722" status="PASS">
          <reporter-output>
          </reporter-output>
        </test-method> <!-- setup -->
        <test-method signature="iFrameTest()[pri:1, instance:LinkedIn_Pratice.FrameHandlingTest@a43ce46]" started-at="2025-11-28T20:26:40 IST" name="iFrameTest" description="Handle simple iFrame and verify text" finished-at="2025-11-28T20:26:54 IST" duration-ms="13485" status="PASS">
          <reporter-output>
          </reporter-output>
        </test-method> <!-- iFrameTest -->
        <test-method signature="nestedFramesTest()[pri:2, instance:LinkedIn_Pratice.FrameHandlingTest@a43ce46]" started-at="2025-11-28T20:26:54 IST" name="nestedFramesTest" description="Handle nested frames and extract text" finished-at="2025-11-28T20:26:55 IST" duration-ms="929" status="PASS">
          <reporter-output>
          </reporter-output>
        </test-method> <!-- nestedFramesTest -->
      </class> <!-- LinkedIn_Pratice.FrameHandlingTest -->
    </test> <!-- LinkedIn -->
  </suite> <!-- Parameter Suite -->
</testng-results>
