<?xml version="1.0" encoding="UTF-8"?>
<testng-results ignored="0" total="2" passed="2" failed="0" skipped="0">
  <reporter-output>
  </reporter-output>
  <suite started-at="2025-12-02T20:56:12 IST" name="Default suite" finished-at="2025-12-02T20:56:23 IST" duration-ms="10717">
    <groups>
    </groups>
    <test started-at="2025-12-02T20:56:12 IST" name="Default test" finished-at="2025-12-02T20:56:23 IST" duration-ms="10717">
      <class name="LinkedIn_Pratice.FluentWaitPracticeTest">
        <test-method is-config="true" signature="setup()[pri:0, instance:LinkedIn_Pratice.FluentWaitPracticeTest@7c1e2a2d]" started-at="2025-12-02T20:56:12 IST" name="setup" finished-at="2025-12-02T20:56:14 IST" duration-ms="1665" status="PASS">
          <reporter-output>
          </reporter-output>
        </test-method> <!-- setup -->
        <test-method signature="fluentWaitTest()[pri:1, instance:LinkedIn_Pratice.FluentWaitPracticeTest@7c1e2a2d]" started-at="2025-12-02T20:56:14 IST" name="fluentWaitTest" description="Create custom wait to check element text change" finished-at="2025-12-02T20:56:23 IST" duration-ms="8654" status="PASS">
          <reporter-output>
          </reporter-output>
        </test-method> <!-- fluentWaitTest -->
        <test-method signature="customWaitConditionTest()[pri:2, instance:LinkedIn_Pratice.FluentWaitPracticeTest@7c1e2a2d]" started-at="2025-12-02T20:56:23 IST" name="customWaitConditionTest" description="Create custom wait to check element text change" finished-at="2025-12-02T20:56:23 IST" duration-ms="354" status="PASS">
          <reporter-output>
          </reporter-output>
        </test-method> <!-- customWaitConditionTest -->
      </class> <!-- LinkedIn_Pratice.FluentWaitPracticeTest -->
    </test> <!-- Default test -->
  </suite> <!-- Default suite -->
</testng-results>
