<?xml version="1.0" encoding="UTF-8"?>
<testng-results ignored="0" total="1" passed="1" failed="0" skipped="0">
  <reporter-output>
  </reporter-output>
  <suite started-at="2025-10-25T22:02:25 IST" name="Parameter Suite" finished-at="2025-10-25T22:02:29 IST" duration-ms="3998">
    <groups>
    </groups>
    <test started-at="2025-10-25T22:02:25 IST" name="LinkedIn" finished-at="2025-10-25T22:02:29 IST" duration-ms="3998">
      <class name="LinkedIn_Pratice.DataDrivenLoginTestWithLog4j">
        <test-method is-config="true" signature="setup()[pri:0, instance:LinkedIn_Pratice.DataDrivenLoginTestWithLog4j@61c9c3fd]" started-at="2025-10-25T22:02:25 IST" name="setup" finished-at="2025-10-25T22:02:27 IST" duration-ms="1611" status="PASS">
          <reporter-output>
          </reporter-output>
        </test-method> <!-- setup -->
        <test-method signature="loginTest(java.lang.String,java.lang.String,java.lang.String)[pri:0, instance:LinkedIn_Pratice.DataDrivenLoginTestWithLog4j@61c9c3fd]" started-at="2025-10-25T22:02:27 IST" name="loginTest" data-provider="loginData" finished-at="2025-10-25T22:02:29 IST" duration-ms="2352" status="PASS">
          <params>
            <param index="0">
              <value>
                <![CDATA[standard_user]]>
              </value>
            </param>
            <param index="1">
              <value>
                <![CDATA[secret_sauce]]>
              </value>
            </param>
            <param index="2">
              <value>
                <![CDATA[Success]]>
              </value>
            </param>
          </params>
          <reporter-output>
          </reporter-output>
        </test-method> <!-- loginTest -->
      </class> <!-- LinkedIn_Pratice.DataDrivenLoginTestWithLog4j -->
    </test> <!-- LinkedIn -->
  </suite> <!-- Parameter Suite -->
</testng-results>
