<?xml version="1.0" encoding="UTF-8"?>
<testng-results ignored="0" total="2" passed="2" failed="0" skipped="0">
  <reporter-output>
  </reporter-output>
  <suite started-at="2025-11-20T20:56:29 IST" name="Default suite" finished-at="2025-11-20T20:56:39 IST" duration-ms="10110">
    <groups>
    </groups>
    <test started-at="2025-11-20T20:56:29 IST" name="Default test" finished-at="2025-11-20T20:56:39 IST" duration-ms="10110">
      <class name="LinkedIn_Pratice.ScreenshotAllInOne">
        <test-method is-config="true" signature="setup()[pri:0, instance:LinkedIn_Pratice.ScreenshotAllInOne@52d645b1]" started-at="2025-11-20T20:56:29 IST" name="setup" finished-at="2025-11-20T20:56:38 IST" duration-ms="9751" status="PASS">
          <reporter-output>
          </reporter-output>
        </test-method> <!-- setup -->
        <test-method signature="fullPageScreenshotTest()[pri:1, instance:LinkedIn_Pratice.ScreenshotAllInOne@52d645b1]" started-at="2025-11-20T20:56:38 IST" name="fullPageScreenshotTest" description="Take full screenshot of login page" finished-at="2025-11-20T20:56:38 IST" duration-ms="162" status="PASS">
          <reporter-output>
          </reporter-output>
        </test-method> <!-- fullPageScreenshotTest -->
        <test-method signature="elementScreenshotTest()[pri:2, instance:LinkedIn_Pratice.ScreenshotAllInOne@52d645b1]" started-at="2025-11-20T20:56:38 IST" name="elementScreenshotTest" description="Take screenshot of the SauceDemo logo" finished-at="2025-11-20T20:56:39 IST" duration-ms="162" status="PASS">
          <reporter-output>
          </reporter-output>
        </test-method> <!-- elementScreenshotTest -->
      </class> <!-- LinkedIn_Pratice.ScreenshotAllInOne -->
    </test> <!-- Default test -->
  </suite> <!-- Default suite -->
</testng-results>
