<?xml version="1.0" encoding="UTF-8"?>
<!-- Generated by org.testng.reporters.JUnitReportReporter -->
<testsuite hostname="DESKTOP-MQLPV38" failures="0" tests="2" name="LinkedIn_Pratice.DropdownHandlingTest" time="0.591" errors="0" timestamp="2026-02-03T21:04:34 IST" skipped="0">
  <testcase classname="LinkedIn_Pratice.DropdownHandlingTest" name="multabileselection" time="0.381"/>
  <testcase classname="LinkedIn_Pratice.DropdownHandlingTest" name="handleSingleDropdown" time="0.210"/>
</testsuite> <!-- LinkedIn_Pratice.DropdownHandlingTest -->
