<?xml version="1.0" encoding="UTF-8"?>
<!-- Generated by org.testng.reporters.JUnitReportReporter -->
<testsuite hostname="DESKTOP-MQLPV38" failures="0" tests="2" name="LinkedIn_Pratice.ElementStateValidationTest" time="6.837" errors="0" timestamp="2025-12-03T20:56:36 IST" skipped="0">
  <testcase classname="LinkedIn_Pratice.ElementStateValidationTest" name="checkBoxStateTest" time="3.338"/>
  <testcase classname="LinkedIn_Pratice.ElementStateValidationTest" name="buttonEnabledTest" time="3.499"/>
</testsuite> <!-- LinkedIn_Pratice.ElementStateValidationTest -->
