<?xml version="1.0" encoding="UTF-8"?>
<!-- Generated by org.testng.reporters.JUnitReportReporter -->
<testsuite hostname="DESKTOP-MQLPV38" failures="0" tests="3" name="LinkedIn_Pratice.AlertHandlingTest" time="0.229" errors="0" timestamp="2025-11-24T20:57:51 IST" skipped="0">
  <testcase classname="LinkedIn_Pratice.AlertHandlingTest" name="simpleAlertTest" time="0.078"/>
  <testcase classname="LinkedIn_Pratice.AlertHandlingTest" name="confirmAlertTest" time="0.083"/>
  <testcase classname="LinkedIn_Pratice.AlertHandlingTest" name="promptAlertTest" time="0.068"/>
</testsuite> <!-- LinkedIn_Pratice.AlertHandlingTest -->
