<?xml version="1.0" encoding="UTF-8"?>
<!-- Generated by org.testng.reporters.JUnitReportReporter -->
<testsuite hostname="DESKTOP-MQLPV38" failures="0" tests="3" name="LinkedIn_Pratice.AlertHandlingTest" time="0.242" errors="0" timestamp="2026-02-01T21:33:16 IST" skipped="0">
  <testcase classname="LinkedIn_Pratice.AlertHandlingTest" name="simpleAlertTest" time="0.082"/>
  <testcase classname="LinkedIn_Pratice.AlertHandlingTest" name="confirmAlertTest" time="0.088"/>
  <testcase classname="LinkedIn_Pratice.AlertHandlingTest" name="promptAlertTest" time="0.072"/>
</testsuite> <!-- LinkedIn_Pratice.AlertHandlingTest -->
