<?xml version="1.0" encoding="UTF-8"?>
<!-- Generated by org.testng.reporters.JUnitReportReporter -->
<testsuite hostname="DESKTOP-MQLPV38" failures="0" tests="2" name="LinkedIn_Pratice.WindowHandlingTest" time="4.663" errors="0" timestamp="2025-12-01T21:02:20 IST" skipped="0">
  <testcase classname="LinkedIn_Pratice.WindowHandlingTest" name="windowSwitchTest" time="4.045"/>
  <testcase classname="LinkedIn_Pratice.WindowHandlingTest" name="openNewTabTest" time="0.618"/>
</testsuite> <!-- LinkedIn_Pratice.WindowHandlingTest -->
