<?xml version="1.0" encoding="UTF-8"?>
<!-- Generated by org.testng.reporters.JUnitReportReporter -->
<testsuite hostname="DESKTOP-MQLPV38" failures="0" tests="2" name="LinkedIn_Pratice.BrokenLinkImageTest" time="7.625" errors="0" timestamp="2025-12-09T20:50:42 IST" skipped="0">
  <testcase classname="LinkedIn_Pratice.BrokenLinkImageTest" name="checkBrokenImages" time="3.280"/>
  <testcase classname="LinkedIn_Pratice.BrokenLinkImageTest" name="checkBrokenLinks" time="4.345"/>
</testsuite> <!-- LinkedIn_Pratice.BrokenLinkImageTest -->
