<?xml version="1.0" encoding="UTF-8"?>
<!-- Generated by org.testng.reporters.JUnitReportReporter -->
<testsuite hostname="DESKTOP-MQLPV38" failures="0" tests="4" name="LinkedIn_Pratice.WebTablePractice" time="9.211" errors="0" timestamp="2025-11-26T20:59:24 IST" skipped="0">
  <testcase classname="LinkedIn_Pratice.WebTablePractice" name="countRowsColumns" time="0.140"/>
  <testcase classname="LinkedIn_Pratice.WebTablePractice" name="printAllTableData" time="8.824"/>
  <testcase classname="LinkedIn_Pratice.WebTablePractice" name="specificCellData" time="0.047"/>
  <testcase classname="LinkedIn_Pratice.WebTablePractice" name="storeNamesInList" time="0.200"/>
</testsuite> <!-- LinkedIn_Pratice.WebTablePractice -->
