<?xml version="1.0" encoding="UTF-8"?>
<!-- Generated by org.testng.reporters.JUnitReportReporter -->
<testsuite hostname="DESKTOP-MQLPV38" failures="0" tests="2" name="LinkedIn_Pratice.FrameHandlingTest" time="14.414" errors="0" timestamp="2025-11-28T20:26:55 IST" skipped="0">
  <testcase classname="LinkedIn_Pratice.FrameHandlingTest" name="iFrameTest" time="13.485"/>
  <testcase classname="LinkedIn_Pratice.FrameHandlingTest" name="nestedFramesTest" time="0.929"/>
</testsuite> <!-- LinkedIn_Pratice.FrameHandlingTest -->
