<?xml version="1.0" encoding="UTF-8"?>
<!-- Generated by org.testng.reporters.JUnitReportReporter -->
<testsuite hostname="DESKTOP-MQLPV38" failures="0" tests="3" name="LinkedIn_Pratice.ActionsPracticeTest" time="7.108" errors="0" timestamp="2025-11-19T21:02:27 IST" skipped="0">
  <testcase classname="LinkedIn_Pratice.ActionsPracticeTest" name="hoverAndTooltipTest" time="6.049"/>
  <testcase classname="LinkedIn_Pratice.ActionsPracticeTest" name="doubleClickTest" time="0.816"/>
  <testcase classname="LinkedIn_Pratice.ActionsPracticeTest" name="rightClickTest" time="0.243"/>
</testsuite> <!-- LinkedIn_Pratice.ActionsPracticeTest -->
