<?xml version="1.0" encoding="UTF-8"?>
<!-- Generated by org.testng.reporters.JUnitReportReporter -->
<testsuite hostname="DESKTOP-MQLPV38" failures="0" tests="2" name="LinkedIn_Pratice.ScreenshotAllInOne" time="0.324" errors="0" timestamp="2025-11-20T20:56:39 IST" skipped="0">
  <testcase classname="LinkedIn_Pratice.ScreenshotAllInOne" name="fullPageScreenshotTest" time="0.162"/>
  <testcase classname="LinkedIn_Pratice.ScreenshotAllInOne" name="elementScreenshotTest" time="0.162"/>
</testsuite> <!-- LinkedIn_Pratice.ScreenshotAllInOne -->
